<?xml version="1.0" encoding="UTF-8"?>
<!-- Generated by org.testng.reporters.JUnitReportReporter -->
<testsuite hostname="Main" name="com.TestCase.SampleTestCase" tests="1" failures="0" timestamp="18 Aug 2018 03:51:33 GMT" time="21.374" errors="0">
  <testcase name="launchbrowser" time="21.374" classname="com.TestCase.SampleTestCase"/>
</testsuite> <!-- com.TestCase.SampleTestCase -->
